<?xml version="1.0" encoding="UTF-8"?>
<!-- Generated by org.testng.reporters.JUnitReportReporter -->
<testsuite skipped="0" hostname="DESKTOP-39M4H89" name="testng.testngdataprovider" tests="2" failures="0" timestamp="17 Feb 2020 08:27:11 GMT" time="29.016" errors="0">
  <testcase name="login" time="14.256" classname="testng.testngdataprovider"/>
  <testcase name="login" time="14.760" classname="testng.testngdataprovider"/>
</testsuite> <!-- testng.testngdataprovider -->
