<?xml version="1.0" encoding="UTF-8"?>
<!-- Generated by org.testng.reporters.JUnitReportReporter -->
<testsuite skipped="0" hostname="DESKTOP-39M4H89" name="secondtest.databasetest" tests="1" failures="0" timestamp="07 Feb 2020 10:48:38 GMT" time="0.449" errors="0">
  <testcase name="testdb" time="0.449" classname="secondtest.databasetest"/>
</testsuite> <!-- secondtest.databasetest -->
