<?xml version="1.0" encoding="UTF-8"?>
<!-- Generated by org.testng.reporters.JUnitReportReporter -->
<testsuite skipped="0" hostname="DESKTOP-39M4H89" name="secondtest.loginglobalgarnerdataprovi" tests="1" failures="0" timestamp="14 Feb 2020 09:54:20 GMT" time="9.519" errors="0">
  <testcase name="login" time="9.519" classname="secondtest.loginglobalgarnerdataprovi"/>
</testsuite> <!-- secondtest.loginglobalgarnerdataprovi -->
