<?xml version="1.0" encoding="UTF-8"?>
<!-- Generated by org.testng.reporters.JUnitReportReporter -->
<testsuite hostname="DESKTOP-39M4H89" failures="0" tests="1" name="secondtest.BSWSITEMAP" time="16.973" errors="0" timestamp="02 Sep 2020 09:20:26 GMT" skipped="0">
  <testcase classname="secondtest.BSWSITEMAP" name="bsw" time="16.973"/>
</testsuite> <!-- secondtest.BSWSITEMAP -->
