<?xml version="1.0" encoding="UTF-8"?>
<!-- Generated by org.testng.reporters.JUnitReportReporter -->
<testsuite skipped="0" hostname="DESKTOP-39M4H89" name="secondtest.readexcelfile" tests="1" failures="0" timestamp="05 Mar 2020 10:23:34 GMT" time="0.500" errors="0">
  <testcase name="read" time="0.500" classname="secondtest.readexcelfile"/>
</testsuite> <!-- secondtest.readexcelfile -->
