<?xml version="1.0" encoding="UTF-8"?>
<!-- Generated by org.testng.reporters.JUnitReportReporter -->
<testsuite skipped="0" hostname="DESKTOP-39M4H89" name="secondtest.newbswwithpageloop" tests="1" failures="0" timestamp="26 Aug 2020 05:47:55 GMT" time="1945.975" errors="0">
  <testcase name="second" time="1945.975" classname="secondtest.newbswwithpageloop"/>
</testsuite> <!-- secondtest.newbswwithpageloop -->
