<?xml version="1.0" encoding="UTF-8"?>
<!-- Generated by org.testng.reporters.JUnitReportReporter -->
<testsuite skipped="0" hostname="DESKTOP-39M4H89" name="testng.testnggoogledataprovider" tests="2" failures="0" timestamp="17 Feb 2020 08:52:01 GMT" time="27.485" errors="0">
  <testcase name="search" time="14.165" classname="testng.testnggoogledataprovider"/>
  <testcase name="search" time="13.320" classname="testng.testnggoogledataprovider"/>
</testsuite> <!-- testng.testnggoogledataprovider -->
