<?xml version="1.0" encoding="UTF-8"?>
<!-- Generated by org.testng.reporters.JUnitReportReporter -->
<testsuite skipped="0" hostname="DESKTOP-39M4H89" name="secondtest.excelwrite050320" tests="1" failures="0" timestamp="09 Mar 2020 08:15:26 GMT" time="0.423" errors="0">
  <testcase name="excelwrite" time="0.423" classname="secondtest.excelwrite050320"/>
</testsuite> <!-- secondtest.excelwrite050320 -->
