<?xml version="1.0" encoding="UTF-8"?>
<!-- Generated by org.testng.reporters.JUnitReportReporter -->
<testsuite skipped="0" hostname="DESKTOP-39M4H89" name="secondtest.dataprovider" tests="3" failures="0" timestamp="09 Jan 2020 09:10:00 GMT" time="0.011" errors="0">
  <testcase name="setdata" time="0.001" classname="secondtest.dataprovider"/>
  <testcase name="setdata" time="0.003" classname="secondtest.dataprovider"/>
  <testcase name="setdata" time="0.007" classname="secondtest.dataprovider"/>
</testsuite> <!-- secondtest.dataprovider -->
