<?xml version="1.0" encoding="UTF-8"?>
<!-- Generated by org.testng.reporters.JUnitReportReporter -->
<testsuite skipped="0" hostname="DESKTOP-39M4H89" name="secondtest.pdftextextract" tests="1" failures="0" timestamp="25 Feb 2020 10:23:11 GMT" time="0.974" errors="0">
  <testcase name="pdfextract" time="0.974" classname="secondtest.pdftextextract"/>
</testsuite> <!-- secondtest.pdftextextract -->
