<?xml version="1.0" encoding="UTF-8"?>
<!-- Generated by org.testng.reporters.JUnitReportReporter -->
<testsuite skipped="0" hostname="DESKTOP-39M4H89" name="secondtest.extentreporttestng" tests="2" failures="0" timestamp="12 Mar 2020 13:12:17 GMT" time="0.016" errors="0">
  <testcase name="test2" time="0.004" classname="secondtest.extentreporttestng"/>
  <testcase name="test1" time="0.012" classname="secondtest.extentreporttestng"/>
</testsuite> <!-- secondtest.extentreporttestng -->
