<?xml version="1.0" encoding="UTF-8"?>
<!-- Generated by org.testng.reporters.JUnitReportReporter -->
<testsuite skipped="0" hostname="DESKTOP-39M4H89" name="testng.testngglobalgarnerlogin" tests="1" failures="0" timestamp="17 Feb 2020 06:32:03 GMT" time="13.570" errors="0">
  <testcase name="login" time="13.570" classname="testng.testngglobalgarnerlogin"/>
</testsuite> <!-- testng.testngglobalgarnerlogin -->
